# JRE version: OpenJDK Runtime Environment (8.0_152-b01) (build 1.8.0_152-release-915-b01)
# Java VM: OpenJDK 64-Bit Server VM (25.152-b01 mixed mode windows-amd64 compressed oops)
Heap:
 PSYoungGen      total 341504K, used 156539K [0x00000000e0000000, 0x00000000fa980000, 0x0000000100000000)
  eden space 295424K, 49% used [0x00000000e0000000,0x00000000e8fe82d8,0x00000000f2080000)
  from space 46080K, 19% used [0x00000000f2080000,0x00000000f2976d18,0x00000000f4d80000)
  to   space 43520K, 0% used [0x00000000f4d80000,0x00000000f4d80000,0x00000000f7800000)
 ParOldGen       total 271872K, used 155158K [0x00000000a0000000, 0x00000000b0980000, 0x00000000e0000000)
  object space 271872K, 57% used [0x00000000a0000000,0x00000000a97859a0,0x00000000b0980000)
 Metaspace       used 63553K, capacity 66804K, committed 66904K, reserved 1107968K
  class space    used 8522K, capacity 9289K, committed 9344K, reserved 1048576K
GC Heap History (10 events):
Event: 19.954 GC heap before
{Heap before GC invocations=14 (full 2):
 PSYoungGen      total 212992K, used 211750K [0x00000000e0000000, 0x00000000f2c00000, 0x0000000100000000)
  eden space 192512K, 99% used [0x00000000e0000000,0x00000000ebad0668,0x00000000ebc00000)
  from space 20480K, 99% used [0x00000000ebc00000,0x00000000ecff94b0,0x00000000ed000000)
  to   space 34304K, 0% used [0x00000000f0a80000,0x00000000f0a80000,0x00000000f2c00000)
 ParOldGen       total 92672K, used 61183K [0x00000000a0000000, 0x00000000a5a80000, 0x00000000e0000000)
  object space 92672K, 66% used [0x00000000a0000000,0x00000000a3bbfe08,0x00000000a5a80000)
 Metaspace       used 56114K, capacity 58434K, committed 58584K, reserved 1099776K
  class space    used 7617K, capacity 8168K, committed 8192K, reserved 1048576K
Event: 19.999 GC heap after
Heap after GC invocations=14 (full 2):
 PSYoungGen      total 267776K, used 34195K [0x00000000e0000000, 0x00000000f3b00000, 0x0000000100000000)
  eden space 233472K, 0% used [0x00000000e0000000,0x00000000e0000000,0x00000000ee400000)
  from space 34304K, 99% used [0x00000000f0a80000,0x00000000f2be4ef8,0x00000000f2c00000)
  to   space 39424K, 0% used [0x00000000ee400000,0x00000000ee400000,0x00000000f0a80000)
 ParOldGen       total 144384K, used 140786K [0x00000000a0000000, 0x00000000a8d00000, 0x00000000e0000000)
  object space 144384K, 97% used [0x00000000a0000000,0x00000000a897cbe8,0x00000000a8d00000)
 Metaspace       used 56114K, capacity 58434K, committed 58584K, reserved 1099776K
  class space    used 7617K, capacity 8168K, committed 8192K, reserved 1048576K
}
Event: 19.999 GC heap before
{Heap before GC invocations=15 (full 3):
 PSYoungGen      total 267776K, used 34195K [0x00000000e0000000, 0x00000000f3b00000, 0x0000000100000000)
  eden space 233472K, 0% used [0x00000000e0000000,0x00000000e0000000,0x00000000ee400000)
  from space 34304K, 99% used [0x00000000f0a80000,0x00000000f2be4ef8,0x00000000f2c00000)
  to   space 39424K, 0% used [0x00000000ee400000,0x00000000ee400000,0x00000000f0a80000)
 ParOldGen       total 144384K, used 140786K [0x00000000a0000000, 0x00000000a8d00000, 0x00000000e0000000)
  object space 144384K, 97% used [0x00000000a0000000,0x00000000a897cbe8,0x00000000a8d00000)
 Metaspace       used 56114K, capacity 58434K, committed 58584K, reserved 1099776K
  class space    used 7617K, capacity 8168K, committed 8192K, reserved 1048576K
Event: 20.290 GC heap after
Heap after GC invocations=15 (full 3):
 PSYoungGen      total 267776K, used 16850K [0x00000000e0000000, 0x00000000f3b00000, 0x0000000100000000)
  eden space 233472K, 0% used [0x00000000e0000000,0x00000000e0000000,0x00000000ee400000)
  from space 34304K, 49% used [0x00000000f0a80000,0x00000000f1af4ab0,0x00000000f2c00000)
  to   space 39424K, 0% used [0x00000000ee400000,0x00000000ee400000,0x00000000f0a80000)
 ParOldGen       total 271872K, used 130742K [0x00000000a0000000, 0x00000000b0980000, 0x00000000e0000000)
  object space 271872K, 48% used [0x00000000a0000000,0x00000000a7fadb00,0x00000000b0980000)
 Metaspace       used 56114K, capacity 58434K, committed 58584K, reserved 1099776K
  class space    used 7617K, capacity 8168K, committed 8192K, reserved 1048576K
}
Event: 20.732 GC heap before
{Heap before GC invocations=16 (full 3):
 PSYoungGen      total 267776K, used 249937K [0x00000000e0000000, 0x00000000f3b00000, 0x0000000100000000)
  eden space 233472K, 99% used [0x00000000e0000000,0x00000000ee39fa10,0x00000000ee400000)
  from space 34304K, 49% used [0x00000000f0a80000,0x00000000f1af4ab0,0x00000000f2c00000)
  to   space 39424K, 0% used [0x00000000ee400000,0x00000000ee400000,0x00000000f0a80000)
 ParOldGen       total 271872K, used 130742K [0x00000000a0000000, 0x00000000b0980000, 0x00000000e0000000)
  object space 271872K, 48% used [0x00000000a0000000,0x00000000a7fadb00,0x00000000b0980000)
 Metaspace       used 56264K, capacity 58570K, committed 58712K, reserved 1099776K
  class space    used 7648K, capacity 8210K, committed 8320K, reserved 1048576K
Event: 20.749 GC heap after
Heap after GC invocations=16 (full 3):
 PSYoungGen      total 272896K, used 32877K [0x00000000e0000000, 0x00000000f7800000, 0x0000000100000000)
  eden space 233472K, 0% used [0x00000000e0000000,0x00000000e0000000,0x00000000ee400000)
  from space 39424K, 83% used [0x00000000ee400000,0x00000000f041b4e8,0x00000000f0a80000)
  to   space 43520K, 0% used [0x00000000f4d80000,0x00000000f4d80000,0x00000000f7800000)
 ParOldGen       total 271872K, used 130750K [0x00000000a0000000, 0x00000000b0980000, 0x00000000e0000000)
  object space 271872K, 48% used [0x00000000a0000000,0x00000000a7fafb00,0x00000000b0980000)
 Metaspace       used 56264K, capacity 58570K, committed 58712K, reserved 1099776K
  class space    used 7648K, capacity 8210K, committed 8320K, reserved 1048576K
}
Event: 20.791 GC heap before
{Heap before GC invocations=17 (full 3):
 PSYoungGen      total 272896K, used 266263K [0x00000000e0000000, 0x00000000f7800000, 0x0000000100000000)
  eden space 233472K, 99% used [0x00000000e0000000,0x00000000ee3ea998,0x00000000ee400000)
  from space 39424K, 83% used [0x00000000ee400000,0x00000000f041b4e8,0x00000000f0a80000)
  to   space 43520K, 0% used [0x00000000f4d80000,0x00000000f4d80000,0x00000000f7800000)
 ParOldGen       total 271872K, used 130750K [0x00000000a0000000, 0x00000000b0980000, 0x00000000e0000000)
  object space 271872K, 48% used [0x00000000a0000000,0x00000000a7fafb00,0x00000000b0980000)
 Metaspace       used 56270K, capacity 58570K, committed 58712K, reserved 1099776K
  class space    used 7648K, capacity 8210K, committed 8320K, reserved 1048576K
Event: 20.802 GC heap after
Heap after GC invocations=17 (full 3):
 PSYoungGen      total 338944K, used 32149K [0x00000000e0000000, 0x00000000fa980000, 0x0000000100000000)
  eden space 295424K, 0% used [0x00000000e0000000,0x00000000e0000000,0x00000000f2080000)
  from space 43520K, 73% used [0x00000000f4d80000,0x00000000f6ce55a8,0x00000000f7800000)
  to   space 46080K, 0% used [0x00000000f2080000,0x00000000f2080000,0x00000000f4d80000)
 ParOldGen       total 271872K, used 130750K [0x00000000a0000000, 0x00000000b0980000, 0x00000000e0000000)
  object space 271872K, 48% used [0x00000000a0000000,0x00000000a7fafb00,0x00000000b0980000)
 Metaspace       used 56270K, capacity 58570K, committed 58712K, reserved 1099776K
  class space    used 7648K, capacity 8210K, committed 8320K, reserved 1048576K
}
Event: 741.271 GC heap before
{Heap before GC invocations=18 (full 3):
 PSYoungGen      total 338944K, used 327573K [0x00000000e0000000, 0x00000000fa980000, 0x0000000100000000)
  eden space 295424K, 100% used [0x00000000e0000000,0x00000000f2080000,0x00000000f2080000)
  from space 43520K, 73% used [0x00000000f4d80000,0x00000000f6ce55a8,0x00000000f7800000)
  to   space 46080K, 0% used [0x00000000f2080000,0x00000000f2080000,0x00000000f4d80000)
 ParOldGen       total 271872K, used 130750K [0x00000000a0000000, 0x00000000b0980000, 0x00000000e0000000)
  object space 271872K, 48% used [0x00000000a0000000,0x00000000a7fafb00,0x00000000b0980000)
 Metaspace       used 61796K, capacity 64892K, committed 65112K, reserved 1105920K
  class space    used 8310K, capacity 9030K, committed 9088K, reserved 1048576K
Event: 741.392 GC heap after
Heap after GC invocations=18 (full 3):
 PSYoungGen      total 341504K, used 9179K [0x00000000e0000000, 0x00000000fa980000, 0x0000000100000000)
  eden space 295424K, 0% used [0x00000000e0000000,0x00000000e0000000,0x00000000f2080000)
  from space 46080K, 19% used [0x00000000f2080000,0x00000000f2976d18,0x00000000f4d80000)
  to   space 43520K, 0% used [0x00000000f4d80000,0x00000000f4d80000,0x00000000f7800000)
 ParOldGen       total 271872K, used 155158K [0x00000000a0000000, 0x00000000b0980000, 0x00000000e0000000)
  object space 271872K, 57% used [0x00000000a0000000,0x00000000a97859a0,0x00000000b0980000)
 Metaspace       used 61796K, capacity 64892K, committed 65112K, reserved 1105920K
  class space    used 8310K, capacity 9030K, committed 9088K, reserved 1048576K
}

