# JRE version: OpenJDK Runtime Environment (8.0_152-b01) (build 1.8.0_152-release-915-b01)
# Java VM: OpenJDK 64-Bit Server VM (25.152-b01 mixed mode windows-amd64 compressed oops)
Heap:
 PSYoungGen      total 322560K, used 119915K [0x00000000e0000000, 0x00000000f8b80000, 0x0000000100000000)
  eden space 270848K, 25% used [0x00000000e0000000,0x00000000e429d478,0x00000000f0880000)
  from space 51712K, 99% used [0x00000000f4380000,0x00000000f75fd8b8,0x00000000f7600000)
  to   space 60416K, 0% used [0x00000000f0880000,0x00000000f0880000,0x00000000f4380000)
 ParOldGen       total 151552K, used 99713K [0x00000000a0000000, 0x00000000a9400000, 0x00000000e0000000)
  object space 151552K, 65% used [0x00000000a0000000,0x00000000a61604a8,0x00000000a9400000)
 Metaspace       used 66321K, capacity 68886K, committed 69012K, reserved 1110016K
  class space    used 8745K, capacity 9372K, committed 9404K, reserved 1048576K
GC Heap History (10 events):
Event: 13.364 GC heap before
{Heap before GC invocations=13 (full 2):
 PSYoungGen      total 197632K, used 57116K [0x00000000e0000000, 0x00000000edf00000, 0x0000000100000000)
  eden space 183296K, 23% used [0x00000000e0000000,0x00000000e29cf000,0x00000000eb300000)
  from space 14336K, 99% used [0x00000000ec700000,0x00000000ed4f8058,0x00000000ed500000)
  to   space 20480K, 0% used [0x00000000eb300000,0x00000000eb300000,0x00000000ec700000)
 ParOldGen       total 94720K, used 31848K [0x00000000a0000000, 0x00000000a5c80000, 0x00000000e0000000)
  object space 94720K, 33% used [0x00000000a0000000,0x00000000a1f1a1a8,0x00000000a5c80000)
 Metaspace       used 56900K, capacity 58970K, committed 59028K, reserved 1099776K
  class space    used 7769K, capacity 8322K, committed 8380K, reserved 1048576K
Event: 13.377 GC heap after
Heap after GC invocations=13 (full 2):
 PSYoungGen      total 203776K, used 19248K [0x00000000e0000000, 0x00000000f0c00000, 0x0000000100000000)
  eden space 183296K, 0% used [0x00000000e0000000,0x00000000e0000000,0x00000000eb300000)
  from space 20480K, 93% used [0x00000000eb300000,0x00000000ec5cc068,0x00000000ec700000)
  to   space 22528K, 0% used [0x00000000ef600000,0x00000000ef600000,0x00000000f0c00000)
 ParOldGen       total 94720K, used 31856K [0x00000000a0000000, 0x00000000a5c80000, 0x00000000e0000000)
  object space 94720K, 33% used [0x00000000a0000000,0x00000000a1f1c1a8,0x00000000a5c80000)
 Metaspace       used 56900K, capacity 58970K, committed 59028K, reserved 1099776K
  class space    used 7769K, capacity 8322K, committed 8380K, reserved 1048576K
}
Event: 13.377 GC heap before
{Heap before GC invocations=14 (full 3):
 PSYoungGen      total 203776K, used 19248K [0x00000000e0000000, 0x00000000f0c00000, 0x0000000100000000)
  eden space 183296K, 0% used [0x00000000e0000000,0x00000000e0000000,0x00000000eb300000)
  from space 20480K, 93% used [0x00000000eb300000,0x00000000ec5cc068,0x00000000ec700000)
  to   space 22528K, 0% used [0x00000000ef600000,0x00000000ef600000,0x00000000f0c00000)
 ParOldGen       total 94720K, used 31856K [0x00000000a0000000, 0x00000000a5c80000, 0x00000000e0000000)
  object space 94720K, 33% used [0x00000000a0000000,0x00000000a1f1c1a8,0x00000000a5c80000)
 Metaspace       used 56900K, capacity 58970K, committed 59028K, reserved 1099776K
  class space    used 7769K, capacity 8322K, committed 8380K, reserved 1048576K
Event: 13.599 GC heap after
Heap after GC invocations=14 (full 3):
 PSYoungGen      total 203776K, used 0K [0x00000000e0000000, 0x00000000f0c00000, 0x0000000100000000)
  eden space 183296K, 0% used [0x00000000e0000000,0x00000000e0000000,0x00000000eb300000)
  from space 20480K, 0% used [0x00000000eb300000,0x00000000eb300000,0x00000000ec700000)
  to   space 22528K, 0% used [0x00000000ef600000,0x00000000ef600000,0x00000000f0c00000)
 ParOldGen       total 151552K, used 39485K [0x00000000a0000000, 0x00000000a9400000, 0x00000000e0000000)
  object space 151552K, 26% used [0x00000000a0000000,0x00000000a268f7f8,0x00000000a9400000)
 Metaspace       used 56900K, capacity 58970K, committed 59028K, reserved 1099776K
  class space    used 7769K, capacity 8322K, committed 8380K, reserved 1048576K
}
Event: 19.914 GC heap before
{Heap before GC invocations=15 (full 3):
 PSYoungGen      total 203776K, used 183296K [0x00000000e0000000, 0x00000000f0c00000, 0x0000000100000000)
  eden space 183296K, 100% used [0x00000000e0000000,0x00000000eb300000,0x00000000eb300000)
  from space 20480K, 0% used [0x00000000eb300000,0x00000000eb300000,0x00000000ec700000)
  to   space 22528K, 0% used [0x00000000ef600000,0x00000000ef600000,0x00000000f0c00000)
 ParOldGen       total 151552K, used 39485K [0x00000000a0000000, 0x00000000a9400000, 0x00000000e0000000)
  object space 151552K, 26% used [0x00000000a0000000,0x00000000a268f7f8,0x00000000a9400000)
 Metaspace       used 64679K, capacity 67180K, committed 67348K, reserved 1107968K
  class space    used 8563K, capacity 9175K, committed 9276K, reserved 1048576K
Event: 19.951 GC heap after
Heap after GC invocations=15 (full 3):
 PSYoungGen      total 240640K, used 22513K [0x00000000e0000000, 0x00000000f0c00000, 0x0000000100000000)
  eden space 218112K, 0% used [0x00000000e0000000,0x00000000e0000000,0x00000000ed500000)
  from space 22528K, 99% used [0x00000000ef600000,0x00000000f0bfc410,0x00000000f0c00000)
  to   space 26112K, 0% used [0x00000000ed900000,0x00000000ed900000,0x00000000ef280000)
 ParOldGen       total 151552K, used 40496K [0x00000000a0000000, 0x00000000a9400000, 0x00000000e0000000)
  object space 151552K, 26% used [0x00000000a0000000,0x00000000a278c268,0x00000000a9400000)
 Metaspace       used 64679K, capacity 67180K, committed 67348K, reserved 1107968K
  class space    used 8563K, capacity 9175K, committed 9276K, reserved 1048576K
}
Event: 21.094 GC heap before
{Heap before GC invocations=16 (full 3):
 PSYoungGen      total 240640K, used 240625K [0x00000000e0000000, 0x00000000f0c00000, 0x0000000100000000)
  eden space 218112K, 100% used [0x00000000e0000000,0x00000000ed500000,0x00000000ed500000)
  from space 22528K, 99% used [0x00000000ef600000,0x00000000f0bfc410,0x00000000f0c00000)
  to   space 26112K, 0% used [0x00000000ed900000,0x00000000ed900000,0x00000000ef280000)
 ParOldGen       total 151552K, used 40496K [0x00000000a0000000, 0x00000000a9400000, 0x00000000e0000000)
  object space 151552K, 26% used [0x00000000a0000000,0x00000000a278c268,0x00000000a9400000)
 Metaspace       used 65317K, capacity 67838K, committed 68116K, reserved 1107968K
  class space    used 8636K, capacity 9242K, committed 9276K, reserved 1048576K
Event: 21.144 GC heap after
Heap after GC invocations=16 (full 3):
 PSYoungGen      total 248320K, used 26104K [0x00000000e0000000, 0x00000000f7600000, 0x0000000100000000)
  eden space 222208K, 0% used [0x00000000e0000000,0x00000000e0000000,0x00000000ed900000)
  from space 26112K, 99% used [0x00000000ed900000,0x00000000ef27e198,0x00000000ef280000)
  to   space 51712K, 0% used [0x00000000f4380000,0x00000000f4380000,0x00000000f7600000)
 ParOldGen       total 151552K, used 99377K [0x00000000a0000000, 0x00000000a9400000, 0x00000000e0000000)
  object space 151552K, 65% used [0x00000000a0000000,0x00000000a610c4a8,0x00000000a9400000)
 Metaspace       used 65317K, capacity 67838K, committed 68116K, reserved 1107968K
  class space    used 8636K, capacity 9242K, committed 9276K, reserved 1048576K
}
Event: 23.645 GC heap before
{Heap before GC invocations=17 (full 3):
 PSYoungGen      total 248320K, used 248312K [0x00000000e0000000, 0x00000000f7600000, 0x0000000100000000)
  eden space 222208K, 100% used [0x00000000e0000000,0x00000000ed900000,0x00000000ed900000)
  from space 26112K, 99% used [0x00000000ed900000,0x00000000ef27e198,0x00000000ef280000)
  to   space 51712K, 0% used [0x00000000f4380000,0x00000000f4380000,0x00000000f7600000)
 ParOldGen       total 151552K, used 99377K [0x00000000a0000000, 0x00000000a9400000, 0x00000000e0000000)
  object space 151552K, 65% used [0x00000000a0000000,0x00000000a610c4a8,0x00000000a9400000)
 Metaspace       used 65611K, capacity 68044K, committed 68116K, reserved 1107968K
  class space    used 8645K, capacity 9247K, committed 9276K, reserved 1048576K
Event: 23.687 GC heap after
Heap after GC invocations=17 (full 3):
 PSYoungGen      total 322560K, used 51702K [0x00000000e0000000, 0x00000000f8b80000, 0x0000000100000000)
  eden space 270848K, 0% used [0x00000000e0000000,0x00000000e0000000,0x00000000f0880000)
  from space 51712K, 99% used [0x00000000f4380000,0x00000000f75fd8b8,0x00000000f7600000)
  to   space 60416K, 0% used [0x00000000f0880000,0x00000000f0880000,0x00000000f4380000)
 ParOldGen       total 151552K, used 99713K [0x00000000a0000000, 0x00000000a9400000, 0x00000000e0000000)
  object space 151552K, 65% used [0x00000000a0000000,0x00000000a61604a8,0x00000000a9400000)
 Metaspace       used 65611K, capacity 68044K, committed 68116K, reserved 1107968K
  class space    used 8645K, capacity 9247K, committed 9276K, reserved 1048576K
}

