# JRE version: OpenJDK Runtime Environment (8.0_152-b01) (build 1.8.0_152-release-915-b01)
# Java VM: OpenJDK 64-Bit Server VM (25.152-b01 mixed mode windows-amd64 compressed oops)
Heap:
 PSYoungGen      total 266752K, used 163267K [0x00000000e0000000, 0x00000000f1e80000, 0x0000000100000000)
  eden space 243200K, 57% used [0x00000000e0000000,0x00000000e888ea58,0x00000000eed80000)
  from space 23552K, 99% used [0x00000000f0780000,0x00000000f1e62390,0x00000000f1e80000)
  to   space 25088K, 0% used [0x00000000eed80000,0x00000000eed80000,0x00000000f0600000)
 ParOldGen       total 173568K, used 94419K [0x00000000a0000000, 0x00000000aa980000, 0x00000000e0000000)
  object space 173568K, 54% used [0x00000000a0000000,0x00000000a5c34ca0,0x00000000aa980000)
 Metaspace       used 92113K, capacity 105520K, committed 107264K, reserved 1140736K
  class space    used 11609K, capacity 15260K, committed 15616K, reserved 1048576K
GC Heap History (10 events):
Event: 12263.987 GC heap before
{Heap before GC invocations=211 (full 4):
 PSYoungGen      total 266752K, used 263701K [0x00000000e0000000, 0x00000000f1e80000, 0x0000000100000000)
  eden space 243200K, 100% used [0x00000000e0000000,0x00000000eed80000,0x00000000eed80000)
  from space 23552K, 87% used [0x00000000f0780000,0x00000000f1b85418,0x00000000f1e80000)
  to   space 25088K, 0% used [0x00000000eed80000,0x00000000eed80000,0x00000000f0600000)
 ParOldGen       total 163840K, used 114055K [0x00000000a0000000, 0x00000000aa000000, 0x00000000e0000000)
  object space 163840K, 69% used [0x00000000a0000000,0x00000000a6f61eb8,0x00000000aa000000)
 Metaspace       used 93321K, capacity 107134K, committed 107264K, reserved 1140736K
  class space    used 11786K, capacity 15552K, committed 15616K, reserved 1048576K
Event: 12264.009 GC heap after
Heap after GC invocations=211 (full 4):
 PSYoungGen      total 268288K, used 21016K [0x00000000e0000000, 0x00000000f1e80000, 0x0000000100000000)
  eden space 243200K, 0% used [0x00000000e0000000,0x00000000e0000000,0x00000000eed80000)
  from space 25088K, 83% used [0x00000000eed80000,0x00000000f02062e8,0x00000000f0600000)
  to   space 23552K, 0% used [0x00000000f0780000,0x00000000f0780000,0x00000000f1e80000)
 ParOldGen       total 163840K, used 119246K [0x00000000a0000000, 0x00000000aa000000, 0x00000000e0000000)
  object space 163840K, 72% used [0x00000000a0000000,0x00000000a7473918,0x00000000aa000000)
 Metaspace       used 93321K, capacity 107134K, committed 107264K, reserved 1140736K
  class space    used 11786K, capacity 15552K, committed 15616K, reserved 1048576K
}
Event: 12264.325 GC heap before
{Heap before GC invocations=212 (full 4):
 PSYoungGen      total 268288K, used 264216K [0x00000000e0000000, 0x00000000f1e80000, 0x0000000100000000)
  eden space 243200K, 100% used [0x00000000e0000000,0x00000000eed80000,0x00000000eed80000)
  from space 25088K, 83% used [0x00000000eed80000,0x00000000f02062e8,0x00000000f0600000)
  to   space 23552K, 0% used [0x00000000f0780000,0x00000000f0780000,0x00000000f1e80000)
 ParOldGen       total 163840K, used 119246K [0x00000000a0000000, 0x00000000aa000000, 0x00000000e0000000)
  object space 163840K, 72% used [0x00000000a0000000,0x00000000a7473918,0x00000000aa000000)
 Metaspace       used 93336K, capacity 107134K, committed 107264K, reserved 1140736K
  class space    used 11788K, capacity 15552K, committed 15616K, reserved 1048576K
Event: 12264.357 GC heap after
Heap after GC invocations=212 (full 4):
 PSYoungGen      total 266752K, used 23547K [0x00000000e0000000, 0x00000000f1e80000, 0x0000000100000000)
  eden space 243200K, 0% used [0x00000000e0000000,0x00000000e0000000,0x00000000eed80000)
  from space 23552K, 99% used [0x00000000f0780000,0x00000000f1e7ee38,0x00000000f1e80000)
  to   space 25088K, 0% used [0x00000000eed80000,0x00000000eed80000,0x00000000f0600000)
 ParOldGen       total 163840K, used 139654K [0x00000000a0000000, 0x00000000aa000000, 0x00000000e0000000)
  object space 163840K, 85% used [0x00000000a0000000,0x00000000a8861938,0x00000000aa000000)
 Metaspace       used 93336K, capacity 107134K, committed 107264K, reserved 1140736K
  class space    used 11788K, capacity 15552K, committed 15616K, reserved 1048576K
}
Event: 12264.723 GC heap before
{Heap before GC invocations=213 (full 4):
 PSYoungGen      total 266752K, used 266747K [0x00000000e0000000, 0x00000000f1e80000, 0x0000000100000000)
  eden space 243200K, 100% used [0x00000000e0000000,0x00000000eed80000,0x00000000eed80000)
  from space 23552K, 99% used [0x00000000f0780000,0x00000000f1e7ee38,0x00000000f1e80000)
  to   space 25088K, 0% used [0x00000000eed80000,0x00000000eed80000,0x00000000f0600000)
 ParOldGen       total 163840K, used 139654K [0x00000000a0000000, 0x00000000aa000000, 0x00000000e0000000)
  object space 163840K, 85% used [0x00000000a0000000,0x00000000a8861938,0x00000000aa000000)
 Metaspace       used 93336K, capacity 107134K, committed 107264K, reserved 1140736K
  class space    used 11788K, capacity 15552K, committed 15616K, reserved 1048576K
Event: 12264.759 GC heap after
Heap after GC invocations=213 (full 4):
 PSYoungGen      total 268288K, used 25057K [0x00000000e0000000, 0x00000000f1e80000, 0x0000000100000000)
  eden space 243200K, 0% used [0x00000000e0000000,0x00000000e0000000,0x00000000eed80000)
  from space 25088K, 99% used [0x00000000eed80000,0x00000000f05f8428,0x00000000f0600000)
  to   space 23552K, 0% used [0x00000000f0780000,0x00000000f0780000,0x00000000f1e80000)
 ParOldGen       total 173568K, used 172253K [0x00000000a0000000, 0x00000000aa980000, 0x00000000e0000000)
  object space 173568K, 99% used [0x00000000a0000000,0x00000000aa837658,0x00000000aa980000)
 Metaspace       used 93336K, capacity 107134K, committed 107264K, reserved 1140736K
  class space    used 11788K, capacity 15552K, committed 15616K, reserved 1048576K
}
Event: 12264.759 GC heap before
{Heap before GC invocations=214 (full 5):
 PSYoungGen      total 268288K, used 25057K [0x00000000e0000000, 0x00000000f1e80000, 0x0000000100000000)
  eden space 243200K, 0% used [0x00000000e0000000,0x00000000e0000000,0x00000000eed80000)
  from space 25088K, 99% used [0x00000000eed80000,0x00000000f05f8428,0x00000000f0600000)
  to   space 23552K, 0% used [0x00000000f0780000,0x00000000f0780000,0x00000000f1e80000)
 ParOldGen       total 173568K, used 172253K [0x00000000a0000000, 0x00000000aa980000, 0x00000000e0000000)
  object space 173568K, 99% used [0x00000000a0000000,0x00000000aa837658,0x00000000aa980000)
 Metaspace       used 93336K, capacity 107134K, committed 107264K, reserved 1140736K
  class space    used 11788K, capacity 15552K, committed 15616K, reserved 1048576K
Event: 12265.642 GC heap after
Heap after GC invocations=214 (full 5):
 PSYoungGen      total 268288K, used 0K [0x00000000e0000000, 0x00000000f1e80000, 0x0000000100000000)
  eden space 243200K, 0% used [0x00000000e0000000,0x00000000e0000000,0x00000000eed80000)
  from space 25088K, 0% used [0x00000000eed80000,0x00000000eed80000,0x00000000f0600000)
  to   space 23552K, 0% used [0x00000000f0780000,0x00000000f0780000,0x00000000f1e80000)
 ParOldGen       total 173568K, used 94411K [0x00000000a0000000, 0x00000000aa980000, 0x00000000e0000000)
  object space 173568K, 54% used [0x00000000a0000000,0x00000000a5c32ca0,0x00000000aa980000)
 Metaspace       used 92075K, capacity 105456K, committed 107264K, reserved 1140736K
  class space    used 11603K, capacity 15260K, committed 15616K, reserved 1048576K
}
Event: 12266.370 GC heap before
{Heap before GC invocations=215 (full 5):
 PSYoungGen      total 268288K, used 243157K [0x00000000e0000000, 0x00000000f1e80000, 0x0000000100000000)
  eden space 243200K, 99% used [0x00000000e0000000,0x00000000eed756a8,0x00000000eed80000)
  from space 25088K, 0% used [0x00000000eed80000,0x00000000eed80000,0x00000000f0600000)
  to   space 23552K, 0% used [0x00000000f0780000,0x00000000f0780000,0x00000000f1e80000)
 ParOldGen       total 173568K, used 94411K [0x00000000a0000000, 0x00000000aa980000, 0x00000000e0000000)
  object space 173568K, 54% used [0x00000000a0000000,0x00000000a5c32ca0,0x00000000aa980000)
 Metaspace       used 92113K, capacity 105520K, committed 107264K, reserved 1140736K
  class space    used 11609K, capacity 15260K, committed 15616K, reserved 1048576K
Event: 12266.383 GC heap after
Heap after GC invocations=215 (full 5):
 PSYoungGen      total 266752K, used 23432K [0x00000000e0000000, 0x00000000f1e80000, 0x0000000100000000)
  eden space 243200K, 0% used [0x00000000e0000000,0x00000000e0000000,0x00000000eed80000)
  from space 23552K, 99% used [0x00000000f0780000,0x00000000f1e62390,0x00000000f1e80000)
  to   space 25088K, 0% used [0x00000000eed80000,0x00000000eed80000,0x00000000f0600000)
 ParOldGen       total 173568K, used 94419K [0x00000000a0000000, 0x00000000aa980000, 0x00000000e0000000)
  object space 173568K, 54% used [0x00000000a0000000,0x00000000a5c34ca0,0x00000000aa980000)
 Metaspace       used 92113K, capacity 105520K, committed 107264K, reserved 1140736K
  class space    used 11609K, capacity 15260K, committed 15616K, reserved 1048576K
}

